<?xml version="1.0" encoding="UTF-8"?>
<!-- Generated by org.testng.reporters.JUnitReportReporter -->
<testsuite hostname="LAPTOP-CI1T74U0" failures="0" tests="4" name="Tests.GoRestAPIDeleteUserTests" time="6.021" errors="0" timestamp="2025-01-28T10:59:52 PST" skipped="0">
  <testcase classname="Tests.GoRestAPIDeleteUserTests" name="TC01DeleteExistingUser" time="1.889"/>
  <testcase classname="Tests.GoRestAPIDeleteUserTests" name="TC02DeleteNonExistingUser" time="1.037"/>
  <testcase classname="Tests.GoRestAPIDeleteUserTests" name="TC03DeleteUserWithUnauthorizedUser" time="1.720"/>
  <testcase classname="Tests.GoRestAPIDeleteUserTests" name="TC04DeleteUserWithInvalidToken" time="1.375"/>
</testsuite> <!-- Tests.GoRestAPIDeleteUserTests -->
