<?xml version="1.0" encoding="UTF-8"?>
<!-- Generated by org.testng.reporters.JUnitReportReporter -->
<testsuite hostname="LAPTOP-CI1T74U0" failures="0" tests="2" name="Tests.GoRestAPIGetUserTests" time="3.021" errors="0" timestamp="2025-01-28T10:59:52 PST" skipped="0">
  <testcase classname="Tests.GoRestAPIGetUserTests" name="TC01VerifyUserDataById" time="2.277"/>
  <testcase classname="Tests.GoRestAPIGetUserTests" name="TC02VerifyUserDataByInvalidUserId" time="0.744"/>
</testsuite> <!-- Tests.GoRestAPIGetUserTests -->
