<?xml version="1.0" encoding="UTF-8"?>
<!-- Generated by org.testng.reporters.JUnitReportReporter -->
<testsuite hostname="LAPTOP-CI1T74U0" failures="0" tests="15" name="Tests.GoRestAPICreateUserTests" time="13.984" errors="0" timestamp="2025-01-28T10:59:52 PST" skipped="0">
  <testcase classname="Tests.GoRestAPICreateUserTests" name="TC09CreateUserWithMissingRequiredFields" time="0.628"/>
  <testcase classname="Tests.GoRestAPICreateUserTests" name="TC04CreateUserWithInvalidGender" time="1.049"/>
  <testcase classname="Tests.GoRestAPICreateUserTests" name="TC12CreateUserWithNameMoreThan200Char" time="0.959"/>
  <testcase classname="Tests.GoRestAPICreateUserTests" name="TC13CreateUserWithEmailMoreThan200Char" time="0.812"/>
  <testcase classname="Tests.GoRestAPICreateUserTests" name="TC05CreateUserWithBlankEmail" time="0.809"/>
  <testcase classname="Tests.GoRestAPICreateUserTests" name="TC08CreateUserWithBlankName" time="0.945"/>
  <testcase classname="Tests.GoRestAPICreateUserTests" name="TC06CreateUserWithBlankStatus" time="0.796"/>
  <testcase classname="Tests.GoRestAPICreateUserTests" name="TC10CreateUserWithInvalidToken" time="0.938"/>
  <testcase classname="Tests.GoRestAPICreateUserTests" name="TC02CreateUserWithInvalidEmail" time="0.834"/>
  <testcase classname="Tests.GoRestAPICreateUserTests" name="TC15CreateUserWithStatusMoreThan200Char" time="0.968"/>
  <testcase classname="Tests.GoRestAPICreateUserTests" name="TC07CreateUserWithBlankGender" time="0.974"/>
  <testcase classname="Tests.GoRestAPICreateUserTests" name="TC14CreateUserWithGenderMoreThan200Char" time="0.969"/>
  <testcase classname="Tests.GoRestAPICreateUserTests" name="TC01CreateAndVerifyUser" time="1.441"/>
  <testcase classname="Tests.GoRestAPICreateUserTests" name="TC11CreateUserWithUnauthorizedUser" time="0.938"/>
  <testcase classname="Tests.GoRestAPICreateUserTests" name="TC03CreateUserWithInvalidStatus" time="0.924"/>
</testsuite> <!-- Tests.GoRestAPICreateUserTests -->
