<?xml version="1.0" encoding="UTF-8"?>
<!-- Generated by org.testng.reporters.JUnitReportReporter -->
<testsuite hostname="LAPTOP-CI1T74U0" failures="0" tests="10" name="Tests.GoRestAPIUpdateUserTests" time="12.097" errors="0" timestamp="2025-01-28T10:59:52 PST" skipped="0">
  <testcase classname="Tests.GoRestAPIUpdateUserTests" name="TC06UpdateExistingUserWithUnauthorizedUser" time="0.968"/>
  <testcase classname="Tests.GoRestAPIUpdateUserTests" name="TC09UpdateExistingUserWithGenderMoreThan200Char" time="1.095"/>
  <testcase classname="Tests.GoRestAPIUpdateUserTests" name="TC04UpdateNonExistingUser" time="1.118"/>
  <testcase classname="Tests.GoRestAPIUpdateUserTests" name="TC05UpdateExistingUserWithInvalidToken" time="0.932"/>
  <testcase classname="Tests.GoRestAPIUpdateUserTests" name="TC07UpdateExistingUserWithNameMoreThan200Char" time="1.348"/>
  <testcase classname="Tests.GoRestAPIUpdateUserTests" name="TC03UpdateUserUsingInvalidData" time="1.351"/>
  <testcase classname="Tests.GoRestAPIUpdateUserTests" name="TC02UpdateUserUsingBlankData" time="1.061"/>
  <testcase classname="Tests.GoRestAPIUpdateUserTests" name="TC10UpdateExistingUserWithStatusMoreThan200Char" time="1.245"/>
  <testcase classname="Tests.GoRestAPIUpdateUserTests" name="TC08UpdateExistingUserWithEmailMoreThan200Char" time="1.701"/>
  <testcase classname="Tests.GoRestAPIUpdateUserTests" name="TC01UpdateExistingUser" time="1.278"/>
</testsuite> <!-- Tests.GoRestAPIUpdateUserTests -->
